
shpopen.o:
                 U SASetupDefaultHooks
0000000000001496 T SHPClose
0000000000001c6c T SHPComputeExtents
0000000000001607 T SHPCreate
0000000000001639 T SHPCreateLL
0000000000001ff8 T SHPCreateObject
00000000000023a2 T SHPCreateSimpleObject
00000000000055c6 T SHPDestroyObject
0000000000001552 T SHPGetInfo
00000000000007ca T SHPOpen
00000000000007ff T SHPOpenLL
0000000000005555 T SHPPartTypeName
00000000000039bc T SHPReadObject
000000000000569c T SHPRewindObject
0000000000005498 T SHPTypeName
00000000000000c9 T SHPWriteHeader
0000000000002406 T SHPWriteObject
000000000000008d t SfRealloc
0000000000000000 t SwapWord
                 U _GLOBAL_OFFSET_TABLE_
0000000000001b84 t _SHPSetBounds
00000000000008e8 r __PRETTY_FUNCTION__.4296
                 U __assert_fail
0000000000000000 b bBigEndian
                 U calloc
0000000000000000 d cpl_cvsid
                 U free
                 U malloc
                 U memcpy
                 U realloc
                 U snprintf
                 U sprintf
                 U strcmp
                 U strcpy
                 U strlen

dbfopen.o:
00000000000014d3 T DBFAddField
0000000000001579 T DBFAddNativeFieldType
0000000000003a53 T DBFAlterFieldDefn
0000000000002bba T DBFCloneEmpty
0000000000000f78 T DBFClose
00000000000010a1 T DBFCreate
00000000000010c2 T DBFCreateEx
00000000000010f7 T DBFCreateLL
00000000000030ce T DBFDeleteField
00000000000001c9 t DBFFlushRecord
00000000000030ab T DBFGetCodePage
0000000000001f37 T DBFGetFieldCount
0000000000002ee9 T DBFGetFieldIndex
0000000000001f59 T DBFGetFieldInfo
0000000000002dec T DBFGetNativeFieldType
0000000000001535 t DBFGetNullCharacter
0000000000001f48 T DBFGetRecordCount
0000000000001ed5 T DBFIsAttributeNULL
0000000000002fb1 T DBFIsRecordDeleted
0000000000001dfc t DBFIsValueNULL
0000000000000317 t DBFLoadRecord
000000000000300d T DBFMarkRecordDeleted
0000000000000621 T DBFOpen
0000000000000656 T DBFOpenLL
0000000000001a6b t DBFReadAttribute
0000000000001d41 T DBFReadDoubleAttribute
0000000000001cf0 T DBFReadIntegerAttribute
0000000000001dc9 T DBFReadLogicalAttribute
0000000000001d96 T DBFReadStringAttribute
0000000000002b69 T DBFReadTuple
000000000000358d T DBFReorderFields
00000000000004b2 T DBFUpdateHeader
00000000000020ee t DBFWriteAttribute
0000000000002745 T DBFWriteAttributeDirectly
000000000000292b T DBFWriteDoubleAttribute
000000000000003c t DBFWriteHeader
0000000000002962 T DBFWriteIntegerAttribute
0000000000002a0a T DBFWriteLogicalAttribute
00000000000029d7 T DBFWriteNULLAttribute
00000000000029a1 T DBFWriteStringAttribute
0000000000002a41 T DBFWriteTuple
                 U SASetupDefaultHooks
0000000000000000 t SfRealloc
                 U _GLOBAL_OFFSET_TABLE_
                 U __ctype_b_loc
                 U atoi
                 U calloc
0000000000000000 d cpl_cvsid
                 U free
                 U malloc
                 U memcpy
                 U memmove
                 U memset
                 U realloc
                 U sprintf
0000000000002e29 t str_to_upper
                 U strcmp
                 U strcpy
                 U strcspn
                 U strlen
                 U strncmp
                 U strncpy
                 U toupper

safileio.o:
0000000000000130 T SADError
00000000000000fc T SADFClose
00000000000000e2 T SADFFlush
0000000000000000 T SADFOpen
0000000000000025 T SADFRead
000000000000009b T SADFSeek
00000000000000c8 T SADFTell
0000000000000060 T SADFWrite
0000000000000116 T SADRemove
0000000000000163 T SASetupDefaultHooks
                 U _GLOBAL_OFFSET_TABLE_
                 U atof
0000000000000000 d cpl_cvsid
                 U fclose
                 U fflush
                 U fopen
                 U fprintf
                 U fread
                 U fseek
                 U ftell
                 U fwrite
                 U remove
                 U stderr

shptree.o:
                 U SASetupDefaultHooks
000000000000045b T SHPCheckBoundsOverlap
00000000000004f7 t SHPCheckObjectContained
00000000000011d9 T SHPCloseDiskTree
00000000000000de T SHPCreateTree
                 U SHPDestroyObject
0000000000000431 T SHPDestroyTree
0000000000000317 t SHPDestroyTreeNode
                 U SHPGetInfo
00000000000017bb t SHPGetSubNodeOffset
0000000000001144 T SHPOpenDiskTree
                 U SHPReadObject
00000000000015b9 T SHPSearchDiskTree
000000000000163a T SHPSearchDiskTreeEx
0000000000001212 t SHPSearchDiskTreeNode
0000000000000c17 T SHPTreeAddShapeId
0000000000000c65 T SHPTreeCollectShapeIds
0000000000000dfe T SHPTreeFindLikelyShapes
00000000000007fb t SHPTreeNodeAddShapeId
000000000000003c t SHPTreeNodeCreate
0000000000000e94 t SHPTreeNodeTrim
0000000000001551 t SHPTreeReadLibc
000000000000158c t SHPTreeSeekLibc
000000000000064b T SHPTreeSplitBounds
0000000000001099 T SHPTreeTrimExtraNodes
0000000000001a89 T SHPWriteTree
0000000000001abe T SHPWriteTreeLL
0000000000001857 t SHPWriteTreeNode
0000000000000000 t SfRealloc
00000000000010b7 t SwapWord
                 U _GLOBAL_OFFSET_TABLE_
0000000000000113 r __PRETTY_FUNCTION__.4171
0000000000000100 r __PRETTY_FUNCTION__.4182
00000000000000f0 r __PRETTY_FUNCTION__.4281
00000000000000d0 r __PRETTY_FUNCTION__.4374
                 U __assert_fail
0000000000000000 b bBigEndian
                 U calloc
0000000000000dde t compare_ints
0000000000000000 d cpl_cvsid
                 U fread
                 U free
                 U fseek
                 U malloc
                 U memcmp
                 U memcpy
                 U memset
                 U qsort
                 U realloc
